<?xml version="1.0" encoding="UTF-8"?>
<testng-results ignored="0" total="1" passed="1" failed="0" skipped="0">
  <reporter-output>
  </reporter-output>
  <suite started-at="2023-09-11T14:35:17 IST" name="Default suite" finished-at="2023-09-11T14:35:17 IST" duration-ms="34">
    <groups>
    </groups>
    <test started-at="2023-09-11T14:35:17 IST" name="Default test" finished-at="2023-09-11T14:35:17 IST" duration-ms="34">
      <class name="vtiger.Practice.ReadDataFromCmdLine">
        <test-method signature="readData()[pri:0, instance:vtiger.Practice.ReadDataFromCmdLine@2ed2d9cb]" started-at="2023-09-11T14:35:17 IST" name="readData" finished-at="2023-09-11T14:35:17 IST" duration-ms="6" status="PASS">
          <reporter-output>
          </reporter-output>
        </test-method> <!-- readData -->
      </class> <!-- vtiger.Practice.ReadDataFromCmdLine -->
    </test> <!-- Default test -->
  </suite> <!-- Default suite -->
</testng-results>
